C:\Program Files\Microsoft Visual Studio\2022\Community\MSBuild\Microsoft\VC\v170\Microsoft.CppBuild.targets(538,5): warning MSB8028: The intermediate directory (x64\Debug\) contains files shared from another project (SFML-Opnieuw.vcxproj).  This can lead to incorrect clean and rebuild behavior.
  SFML-Opnieuw.cpp
C:\Users\simeo\source\SFML-3.0.0\include\SFML\System\Exception.hpp(41,47): warning C4275: non dll-interface class 'std::runtime_error' used as base for dll-interface class 'sf::Exception'
  (compiling source file 'SFML-Opnieuw.cpp')
      C:\Program Files\Microsoft Visual Studio\2022\Community\VC\Tools\MSVC\14.44.35207\include\stdexcept(100,30):
      see declaration of 'std::runtime_error'
      C:\Users\simeo\source\SFML-3.0.0\include\SFML\System\Exception.hpp(41,23):
      see declaration of 'sf::Exception'
  
C:\Users\simeo\source\repos\SFML-Opnieuw\SFML-Opnieuw\Headers\Visuals\Dynamics.h(82,160): warning C4244: 'argument': conversion from 'T' to 'T', possible loss of data
C:\Users\simeo\source\repos\SFML-Opnieuw\SFML-Opnieuw\Headers\Visuals\Dynamics.h(82,160): warning C4244:         with
C:\Users\simeo\source\repos\SFML-Opnieuw\SFML-Opnieuw\Headers\Visuals\Dynamics.h(82,160): warning C4244:         [
C:\Users\simeo\source\repos\SFML-Opnieuw\SFML-Opnieuw\Headers\Visuals\Dynamics.h(82,160): warning C4244:             T=int
C:\Users\simeo\source\repos\SFML-Opnieuw\SFML-Opnieuw\Headers\Visuals\Dynamics.h(82,160): warning C4244:         ]
C:\Users\simeo\source\repos\SFML-Opnieuw\SFML-Opnieuw\Headers\Visuals\Dynamics.h(82,160): warning C4244:         and
C:\Users\simeo\source\repos\SFML-Opnieuw\SFML-Opnieuw\Headers\Visuals\Dynamics.h(82,160): warning C4244:         [
C:\Users\simeo\source\repos\SFML-Opnieuw\SFML-Opnieuw\Headers\Visuals\Dynamics.h(82,160): warning C4244:             T=float
C:\Users\simeo\source\repos\SFML-Opnieuw\SFML-Opnieuw\Headers\Visuals\Dynamics.h(82,160): warning C4244:         ]
  (compiling source file 'SFML-Opnieuw.cpp')
  
C:\Users\simeo\source\repos\SFML-Opnieuw\SFML-Opnieuw\Headers\Visuals\Dynamics.h(82,132): warning C4244: 'argument': conversion from 'T' to 'T', possible loss of data
C:\Users\simeo\source\repos\SFML-Opnieuw\SFML-Opnieuw\Headers\Visuals\Dynamics.h(82,132): warning C4244:         with
C:\Users\simeo\source\repos\SFML-Opnieuw\SFML-Opnieuw\Headers\Visuals\Dynamics.h(82,132): warning C4244:         [
C:\Users\simeo\source\repos\SFML-Opnieuw\SFML-Opnieuw\Headers\Visuals\Dynamics.h(82,132): warning C4244:             T=int
C:\Users\simeo\source\repos\SFML-Opnieuw\SFML-Opnieuw\Headers\Visuals\Dynamics.h(82,132): warning C4244:         ]
C:\Users\simeo\source\repos\SFML-Opnieuw\SFML-Opnieuw\Headers\Visuals\Dynamics.h(82,132): warning C4244:         and
C:\Users\simeo\source\repos\SFML-Opnieuw\SFML-Opnieuw\Headers\Visuals\Dynamics.h(82,132): warning C4244:         [
C:\Users\simeo\source\repos\SFML-Opnieuw\SFML-Opnieuw\Headers\Visuals\Dynamics.h(82,132): warning C4244:             T=float
C:\Users\simeo\source\repos\SFML-Opnieuw\SFML-Opnieuw\Headers\Visuals\Dynamics.h(82,132): warning C4244:         ]
  (compiling source file 'SFML-Opnieuw.cpp')
  
C:\Users\simeo\source\repos\SFML-Opnieuw\SFML-Opnieuw\Headers\Visuals\Dynamics.h(105,24): warning C4244: 'return': conversion from 'double' to 'float', possible loss of data
  (compiling source file 'SFML-Opnieuw.cpp')
  
C:\Users\simeo\source\repos\SFML-Opnieuw\SFML-Opnieuw\Headers\Visuals\Dynamics.h(106,25): warning C4244: 'return': conversion from 'double' to 'float', possible loss of data
  (compiling source file 'SFML-Opnieuw.cpp')
  
C:\Users\simeo\source\repos\SFML-Opnieuw\SFML-Opnieuw\Headers\Visuals\Dynamics.h(113,34): warning C4244: '=': conversion from 'T' to 'float', possible loss of data
C:\Users\simeo\source\repos\SFML-Opnieuw\SFML-Opnieuw\Headers\Visuals\Dynamics.h(113,34): warning C4244:         with
C:\Users\simeo\source\repos\SFML-Opnieuw\SFML-Opnieuw\Headers\Visuals\Dynamics.h(113,34): warning C4244:         [
C:\Users\simeo\source\repos\SFML-Opnieuw\SFML-Opnieuw\Headers\Visuals\Dynamics.h(113,34): warning C4244:             T=unsigned int
C:\Users\simeo\source\repos\SFML-Opnieuw\SFML-Opnieuw\Headers\Visuals\Dynamics.h(113,34): warning C4244:         ]
  (compiling source file 'SFML-Opnieuw.cpp')
  
C:\Users\simeo\source\repos\SFML-Opnieuw\SFML-Opnieuw\Headers\Visuals\Dynamics.h(114,35): warning C4244: '=': conversion from 'T' to 'float', possible loss of data
C:\Users\simeo\source\repos\SFML-Opnieuw\SFML-Opnieuw\Headers\Visuals\Dynamics.h(114,35): warning C4244:         with
C:\Users\simeo\source\repos\SFML-Opnieuw\SFML-Opnieuw\Headers\Visuals\Dynamics.h(114,35): warning C4244:         [
C:\Users\simeo\source\repos\SFML-Opnieuw\SFML-Opnieuw\Headers\Visuals\Dynamics.h(114,35): warning C4244:             T=unsigned int
C:\Users\simeo\source\repos\SFML-Opnieuw\SFML-Opnieuw\Headers\Visuals\Dynamics.h(114,35): warning C4244:         ]
  (compiling source file 'SFML-Opnieuw.cpp')
  
C:\Users\simeo\source\repos\SFML-Opnieuw\SFML-Opnieuw\Headers\Visuals\Sight.h(11,27): warning C4834: discarding return value of function with [[nodiscard]] attribute
  (compiling source file 'SFML-Opnieuw.cpp')
  
C:\Users\simeo\source\repos\SFML-Opnieuw\SFML-Opnieuw\Headers\Visuals\Sight.h(12,40): warning C4834: discarding return value of function with [[nodiscard]] attribute
  (compiling source file 'SFML-Opnieuw.cpp')
  
C:\Users\simeo\source\repos\SFML-Opnieuw\SFML-Opnieuw\Headers\Visuals\Sight.h(13,44): warning C4834: discarding return value of function with [[nodiscard]] attribute
  (compiling source file 'SFML-Opnieuw.cpp')
  
C:\Users\simeo\source\repos\SFML-Opnieuw\SFML-Opnieuw\Headers\Visuals\Sight.h(14,45): warning C4834: discarding return value of function with [[nodiscard]] attribute
  (compiling source file 'SFML-Opnieuw.cpp')
  
C:\Users\simeo\source\repos\SFML-Opnieuw\SFML-Opnieuw\Headers\Visuals\Sight.h(17,25): warning C4834: discarding return value of function with [[nodiscard]] attribute
  (compiling source file 'SFML-Opnieuw.cpp')
  
C:\Users\simeo\source\repos\SFML-Opnieuw\SFML-Opnieuw\Headers\Visuals\Sight.h(18,25): warning C4834: discarding return value of function with [[nodiscard]] attribute
  (compiling source file 'SFML-Opnieuw.cpp')
  
C:\Users\simeo\source\repos\SFML-Opnieuw\SFML-Opnieuw\Headers\Visuals\Sight.h(27,40): warning C4244: '=': conversion from 'T' to 'float', possible loss of data
C:\Users\simeo\source\repos\SFML-Opnieuw\SFML-Opnieuw\Headers\Visuals\Sight.h(27,40): warning C4244:         with
C:\Users\simeo\source\repos\SFML-Opnieuw\SFML-Opnieuw\Headers\Visuals\Sight.h(27,40): warning C4244:         [
C:\Users\simeo\source\repos\SFML-Opnieuw\SFML-Opnieuw\Headers\Visuals\Sight.h(27,40): warning C4244:             T=unsigned int
C:\Users\simeo\source\repos\SFML-Opnieuw\SFML-Opnieuw\Headers\Visuals\Sight.h(27,40): warning C4244:         ]
  (compiling source file 'SFML-Opnieuw.cpp')
  
C:\Users\simeo\source\repos\SFML-Opnieuw\SFML-Opnieuw\Headers\Visuals\Sight.h(28,41): warning C4244: '=': conversion from 'T' to 'float', possible loss of data
C:\Users\simeo\source\repos\SFML-Opnieuw\SFML-Opnieuw\Headers\Visuals\Sight.h(28,41): warning C4244:         with
C:\Users\simeo\source\repos\SFML-Opnieuw\SFML-Opnieuw\Headers\Visuals\Sight.h(28,41): warning C4244:         [
C:\Users\simeo\source\repos\SFML-Opnieuw\SFML-Opnieuw\Headers\Visuals\Sight.h(28,41): warning C4244:             T=unsigned int
C:\Users\simeo\source\repos\SFML-Opnieuw\SFML-Opnieuw\Headers\Visuals\Sight.h(28,41): warning C4244:         ]
  (compiling source file 'SFML-Opnieuw.cpp')
  
C:\Users\simeo\source\repos\SFML-Opnieuw\SFML-Opnieuw\Headers\Main_Menu\Main_Menu.h(20,21): warning C4244: 'initializing': conversion from 'T' to 'float', possible loss of data
C:\Users\simeo\source\repos\SFML-Opnieuw\SFML-Opnieuw\Headers\Main_Menu\Main_Menu.h(20,21): warning C4244:         with
C:\Users\simeo\source\repos\SFML-Opnieuw\SFML-Opnieuw\Headers\Main_Menu\Main_Menu.h(20,21): warning C4244:         [
C:\Users\simeo\source\repos\SFML-Opnieuw\SFML-Opnieuw\Headers\Main_Menu\Main_Menu.h(20,21): warning C4244:             T=unsigned int
C:\Users\simeo\source\repos\SFML-Opnieuw\SFML-Opnieuw\Headers\Main_Menu\Main_Menu.h(20,21): warning C4244:         ]
  (compiling source file 'SFML-Opnieuw.cpp')
  
C:\Users\simeo\source\repos\SFML-Opnieuw\SFML-Opnieuw\Headers\Main_Menu\Main_Menu.h(21,22): warning C4244: 'initializing': conversion from 'T' to 'float', possible loss of data
C:\Users\simeo\source\repos\SFML-Opnieuw\SFML-Opnieuw\Headers\Main_Menu\Main_Menu.h(21,22): warning C4244:         with
C:\Users\simeo\source\repos\SFML-Opnieuw\SFML-Opnieuw\Headers\Main_Menu\Main_Menu.h(21,22): warning C4244:         [
C:\Users\simeo\source\repos\SFML-Opnieuw\SFML-Opnieuw\Headers\Main_Menu\Main_Menu.h(21,22): warning C4244:             T=unsigned int
C:\Users\simeo\source\repos\SFML-Opnieuw\SFML-Opnieuw\Headers\Main_Menu\Main_Menu.h(21,22): warning C4244:         ]
  (compiling source file 'SFML-Opnieuw.cpp')
  
C:\Users\simeo\source\repos\SFML-Opnieuw\SFML-Opnieuw\Headers\Main_Menu\Main_Menu.h(33,31): warning C4244: 'argument': conversion from 'float' to 'const unsigned __int64', possible loss of data
  (compiling source file 'SFML-Opnieuw.cpp')
  
C:\Users\simeo\source\repos\SFML-Opnieuw\SFML-Opnieuw\Headers\Main_Menu\Main_Menu.h(33,73): warning C4244: 'argument': conversion from 'float' to 'const unsigned __int64', possible loss of data
  (compiling source file 'SFML-Opnieuw.cpp')
  
C:\Users\simeo\source\repos\SFML-Opnieuw\SFML-Opnieuw\Headers\Main_Menu\Main_Menu.h(33,135): warning C4244: 'argument': conversion from 'float' to 'const unsigned __int64', possible loss of data
  (compiling source file 'SFML-Opnieuw.cpp')
  
C:\Users\simeo\source\repos\SFML-Opnieuw\SFML-Opnieuw\Headers\Main_Menu\Main_Menu.h(34,31): warning C4244: 'argument': conversion from 'float' to 'const unsigned __int64', possible loss of data
  (compiling source file 'SFML-Opnieuw.cpp')
  
C:\Users\simeo\source\repos\SFML-Opnieuw\SFML-Opnieuw\Headers\Main_Menu\Main_Menu.h(35,31): warning C4244: 'argument': conversion from 'float' to 'const unsigned __int64', possible loss of data
  (compiling source file 'SFML-Opnieuw.cpp')
  
C:\Users\simeo\source\repos\SFML-Opnieuw\SFML-Opnieuw\Headers\Main_Menu\Main_Menu.h(38,32): warning C4244: 'argument': conversion from 'float' to 'const unsigned __int64', possible loss of data
  (compiling source file 'SFML-Opnieuw.cpp')
  
C:\Users\simeo\source\repos\SFML-Opnieuw\SFML-Opnieuw\Headers\Main_Menu\Main_Menu.h(38,75): warning C4244: 'argument': conversion from 'float' to 'const unsigned __int64', possible loss of data
  (compiling source file 'SFML-Opnieuw.cpp')
  
C:\Users\simeo\source\repos\SFML-Opnieuw\SFML-Opnieuw\Headers\Main_Menu\Main_Menu.h(38,138): warning C4244: 'argument': conversion from 'float' to 'const unsigned __int64', possible loss of data
  (compiling source file 'SFML-Opnieuw.cpp')
  
C:\Users\simeo\source\repos\SFML-Opnieuw\SFML-Opnieuw\Headers\Main_Menu\Main_Menu.h(39,32): warning C4244: 'argument': conversion from 'float' to 'const unsigned __int64', possible loss of data
  (compiling source file 'SFML-Opnieuw.cpp')
  
C:\Users\simeo\source\repos\SFML-Opnieuw\SFML-Opnieuw\Headers\Main_Menu\Main_Menu.h(40,32): warning C4244: 'argument': conversion from 'float' to 'const unsigned __int64', possible loss of data
  (compiling source file 'SFML-Opnieuw.cpp')
  
C:\Users\simeo\source\repos\SFML-Opnieuw\SFML-Opnieuw\Headers\Main_Menu\Main_Menu.h(44,26): warning C4244: 'initializing': conversion from 'float' to 'unsigned int', possible loss of data
  (compiling source file 'SFML-Opnieuw.cpp')
  
  SFML-Opnieuw.vcxproj -> C:\Users\simeo\source\repos\SFML-Opnieuw\x64\Debug\Slice game.exe
